<?xml version="1.0" encoding="UTF-8"?>
<testng-results ignored="0" total="1" passed="1" failed="0" skipped="0">
  <reporter-output>
  </reporter-output>
  <suite started-at="2023-05-03T18:56:02 CEST" name="Smoke suite" finished-at="2023-05-03T18:56:16 CEST" duration-ms="13881">
    <groups>
    </groups>
    <test started-at="2023-05-03T18:56:02 CEST" name="Placelab Smoke test" finished-at="2023-05-03T18:56:16 CEST" duration-ms="13881">
      <class name="com.placelab.tests.SmokeTest">
        <test-method is-config="true" signature="setDriver()[pri:0, instance:com.placelab.tests.SmokeTest@52bf72b5]" started-at="2023-05-03T18:56:02 CEST" name="setDriver" finished-at="2023-05-03T18:56:04 CEST" duration-ms="1761" status="PASS">
          <reporter-output>
          </reporter-output>
        </test-method> <!-- setDriver -->
        <test-method signature="openPage()[pri:0, instance:com.placelab.tests.SmokeTest@52bf72b5]" started-at="2023-05-03T18:56:04 CEST" name="openPage" finished-at="2023-05-03T18:56:16 CEST" duration-ms="11973" status="PASS">
          <reporter-output>
          </reporter-output>
        </test-method> <!-- openPage -->
        <test-method is-config="true" signature="tearDown()[pri:0, instance:com.placelab.tests.SmokeTest@52bf72b5]" started-at="2023-05-03T18:56:16 CEST" name="tearDown" finished-at="2023-05-03T18:56:16 CEST" duration-ms="112" status="PASS">
          <reporter-output>
          </reporter-output>
        </test-method> <!-- tearDown -->
      </class> <!-- com.placelab.tests.SmokeTest -->
    </test> <!-- Placelab Smoke test -->
  </suite> <!-- Smoke suite -->
</testng-results>
