<?xml version="1.0" encoding="UTF-8"?>
<!-- Generated by org.testng.reporters.JUnitXMLReporter -->
<testsuite ignored="0" hostname="DESKTOP-DQOHLPP" failures="0" tests="6" name="Placelab Login test" time="201.642" errors="0" timestamp="2023-05-08T18:49:23 CEST">
  <testcase classname="com.placelab.tests.UIDisplayedElementsAndValues" name="allElementsDisplayedWithCorrectValues" time="10.294"/>
  <testcase classname="com.placelab.tests.PositiveLoginTestValidCredentials" name="testLoginWithValidCredentials" time="17.203"/>
  <testcase classname="com.placelab.tests.NegativeLoginTestEmptyFields" name="testLoginWithEmptyFields" time="11.058"/>
  <testcase classname="com.placelab.tests.NegativeLoginTestInvalidEmail" name="testLoginWithInvalidEmail" time="11.217"/>
  <testcase classname="com.placelab.tests.NegativeLoginTestInvalidPassword" name="testLoginWithInvalidPassword" time="11.173"/>
  <testcase classname="com.placelab.tests.PositiveForgotPasswordTest" name="testForgetPasswordLink" time="11.672"/>
</testsuite> <!-- Placelab Login test -->
